<?xml version="1.0" encoding="UTF-8"?>
<coverage generated="1707323985811" clover="3.2.0">
  <project timestamp="1707323985812" name="All files">
    <metrics statements="48" coveredstatements="48" conditionals="20" coveredconditionals="20" methods="16" coveredmethods="16" elements="84" coveredelements="84" complexity="0" loc="48" ncloc="48" packages="1" files="2" classes="2"/>
    <file name="hitch.ts" path="/Users/jalildini/Desktop/hitch/src/hitch.ts">
      <metrics statements="29" coveredstatements="29" conditionals="16" coveredconditionals="16" methods="12" coveredmethods="12"/>
      <line num="1" count="1" type="stmt"/>
      <line num="7" count="1" type="cond" truecount="2" falsecount="0"/>
      <line num="15" count="1" type="stmt"/>
      <line num="19" count="12" type="stmt"/>
      <line num="22" count="1" type="stmt"/>
      <line num="23" count="6" type="stmt"/>
      <line num="24" count="6" type="stmt"/>
      <line num="27" count="3" type="stmt"/>
      <line num="28" count="3" type="stmt"/>
      <line num="29" count="11" type="cond" truecount="1" falsecount="0"/>
      <line num="30" count="6" type="stmt"/>
      <line num="31" count="6" type="cond" truecount="4" falsecount="0"/>
      <line num="35" count="1" type="stmt"/>
      <line num="36" count="6" type="stmt"/>
      <line num="39" count="1" type="stmt"/>
      <line num="40" count="6" type="stmt"/>
      <line num="41" count="6" type="cond" truecount="1" falsecount="0"/>
      <line num="42" count="6" type="stmt"/>
      <line num="45" count="1" type="stmt"/>
      <line num="46" count="6" type="stmt"/>
      <line num="47" count="6" type="cond" truecount="6" falsecount="0"/>
      <line num="50" count="1" type="stmt"/>
      <line num="51" count="16" type="cond" truecount="2" falsecount="0"/>
      <line num="54" count="1" type="stmt"/>
      <line num="55" count="16" type="stmt"/>
      <line num="56" count="16" type="stmt"/>
      <line num="57" count="16" type="stmt"/>
      <line num="58" count="16" type="stmt"/>
      <line num="60" count="1" type="stmt"/>
    </file>
    <file name="romanConversion.ts" path="/Users/jalildini/Desktop/hitch/src/romanConversion.ts">
      <metrics statements="19" coveredstatements="19" conditionals="4" coveredconditionals="4" methods="4" coveredmethods="4"/>
      <line num="2" count="9" type="stmt"/>
      <line num="3" count="9" type="stmt"/>
      <line num="4" count="9" type="stmt"/>
      <line num="5" count="45" type="stmt"/>
      <line num="6" count="45" type="cond" truecount="2" falsecount="0"/>
      <line num="7" count="45" type="cond" truecount="2" falsecount="0"/>
      <line num="8" count="3" type="stmt"/>
      <line num="10" count="42" type="stmt"/>
      <line num="13" count="9" type="stmt"/>
      <line num="17" count="9" type="stmt"/>
      <line num="22" count="9" type="stmt"/>
      <line num="23" count="117" type="stmt"/>
      <line num="24" count="117" type="stmt"/>
      <line num="25" count="22" type="stmt"/>
      <line num="26" count="22" type="stmt"/>
      <line num="29" count="9" type="stmt"/>
      <line num="32" count="1" type="stmt"/>
      <line num="33" count="9" type="stmt"/>
      <line num="34" count="9" type="stmt"/>
    </file>
  </project>
</coverage>
