{"/Users/jalildini/Desktop/hitch/src/hitch.ts": {"path":"/Users/jalildini/Desktop/hitch/src/hitch.ts","statementMap":{"0":{"start":{"line":1,"column":17},"end":{"line":5,"column":2}},"1":{"start":{"line":7,"column":0},"end":{"line":7,"column":27}},"2":{"start":{"line":7,"column":27},"end":{"line":7,"column":36}},"3":{"start":{"line":7,"column":36},"end":{"line":7,"column":47}},"4":{"start":{"line":7,"column":47},"end":{"line":7,"column":59}},"5":{"start":{"line":15,"column":0},"end":{"line":15,"column":13}},"6":{"start":{"line":19,"column":8},"end":{"line":19,"column":31}},"7":{"start":{"line":22,"column":4},"end":{"line":25,"column":null}},"8":{"start":{"line":23,"column":25},"end":{"line":23,"column":80}},"9":{"start":{"line":24,"column":8},"end":{"line":24,"column":93}},"10":{"start":{"line":27,"column":4},"end":{"line":33,"column":null}},"11":{"start":{"line":27,"column":4},"end":{"line":27,"column":21}},"12":{"start":{"line":28,"column":8},"end":{"line":32,"column":34}},"13":{"start":{"line":29,"column":12},"end":{"line":29,"column":73}},"14":{"start":{"line":29,"column":58},"end":{"line":29,"column":73}},"15":{"start":{"line":30,"column":35},"end":{"line":30,"column":90}},"16":{"start":{"line":31,"column":12},"end":{"line":31,"column":124}},"17":{"start":{"line":35,"column":12},"end":{"line":37,"column":null}},"18":{"start":{"line":36,"column":8},"end":{"line":36,"column":20}},"19":{"start":{"line":39,"column":12},"end":{"line":43,"column":null}},"20":{"start":{"line":40,"column":25},"end":{"line":40,"column":81}},"21":{"start":{"line":41,"column":8},"end":{"line":41,"column":46}},"22":{"start":{"line":41,"column":27},"end":{"line":41,"column":46}},"23":{"start":{"line":42,"column":8},"end":{"line":42,"column":39}},"24":{"start":{"line":45,"column":12},"end":{"line":48,"column":null}},"25":{"start":{"line":46,"column":21},"end":{"line":46,"column":42}},"26":{"start":{"line":47,"column":8},"end":{"line":47,"column":81}},"27":{"start":{"line":50,"column":12},"end":{"line":52,"column":null}},"28":{"start":{"line":51,"column":8},"end":{"line":51,"column":109}},"29":{"start":{"line":51,"column":45},"end":{"line":51,"column":86}},"30":{"start":{"line":54,"column":12},"end":{"line":59,"column":null}},"31":{"start":{"line":55,"column":31},"end":{"line":55,"column":33}},"32":{"start":{"line":56,"column":21},"end":{"line":56,"column":48}},"33":{"start":{"line":57,"column":21},"end":{"line":57,"column":48}},"34":{"start":{"line":58,"column":8},"end":{"line":58,"column":65}},"35":{"start":{"line":60,"column":0},"end":{"line":60,"column":null}},"36":{"start":{"line":15,"column":13},"end":{"line":15,"column":18}}},"fnMap":{"0":{"name":"(anonymous_0)","decl":{"start":{"line":7,"column":0},"end":{"line":7,"column":12}},"loc":{"start":{"line":7,"column":24},"end":{"line":7,"column":60}}},"1":{"name":"(anonymous_1)","decl":{"start":{"line":15,"column":0},"end":{"line":15,"column":13}},"loc":{"start":{"line":15,"column":0},"end":{"line":60,"column":null}}},"2":{"name":"Hitch","decl":{"start":{"line":18,"column":4},"end":{"line":18,"column":16}},"loc":{"start":{"line":18,"column":33},"end":{"line":20,"column":5}}},"3":{"name":"(anonymous_3)","decl":{"start":{"line":22,"column":4},"end":{"line":22,"column":16}},"loc":{"start":{"line":22,"column":68},"end":{"line":25,"column":5}}},"4":{"name":"(anonymous_4)","decl":{"start":{"line":27,"column":4},"end":{"line":27,"column":21}},"loc":{"start":{"line":27,"column":46},"end":{"line":33,"column":5}}},"5":{"name":"(anonymous_5)","decl":{"start":{"line":28,"column":35},"end":{"line":28,"column":36}},"loc":{"start":{"line":28,"column":51},"end":{"line":32,"column":9}}},"6":{"name":"(anonymous_6)","decl":{"start":{"line":35,"column":4},"end":{"line":35,"column":12}},"loc":{"start":{"line":35,"column":4},"end":{"line":37,"column":5}}},"7":{"name":"(anonymous_7)","decl":{"start":{"line":39,"column":4},"end":{"line":39,"column":12}},"loc":{"start":{"line":39,"column":53},"end":{"line":43,"column":5}}},"8":{"name":"(anonymous_8)","decl":{"start":{"line":45,"column":4},"end":{"line":45,"column":12}},"loc":{"start":{"line":45,"column":4},"end":{"line":48,"column":5}}},"9":{"name":"(anonymous_9)","decl":{"start":{"line":50,"column":4},"end":{"line":50,"column":12}},"loc":{"start":{"line":50,"column":4},"end":{"line":52,"column":5}}},"10":{"name":"(anonymous_10)","decl":{"start":{"line":51,"column":35},"end":{"line":51,"column":41}},"loc":{"start":{"line":51,"column":41},"end":{"line":51,"column":51}}},"11":{"name":"(anonymous_11)","decl":{"start":{"line":54,"column":4},"end":{"line":54,"column":12}},"loc":{"start":{"line":54,"column":60},"end":{"line":59,"column":5}}}},"branchMap":{"0":{"loc":{"start":{"line":7,"column":12},"end":{"line":7,"column":27}},"type":"binary-expr","locations":[{"start":{"line":7,"column":12},"end":{"line":7,"column":24}},{"start":{"line":7,"column":12},"end":{"line":7,"column":27}}]},"1":{"loc":{"start":{"line":29,"column":12},"end":{"line":29,"column":73}},"type":"if","locations":[{"start":{"line":29,"column":12},"end":{"line":29,"column":73}}]},"2":{"loc":{"start":{"line":31,"column":19},"end":{"line":31,"column":123}},"type":"cond-expr","locations":[{"start":{"line":31,"column":107},"end":{"line":31,"column":113}},{"start":{"line":31,"column":116},"end":{"line":31,"column":123}}]},"3":{"loc":{"start":{"line":31,"column":19},"end":{"line":31,"column":104}},"type":"binary-expr","locations":[{"start":{"line":31,"column":19},"end":{"line":31,"column":27}},{"start":{"line":31,"column":31},"end":{"line":31,"column":104}}]},"4":{"loc":{"start":{"line":41,"column":8},"end":{"line":41,"column":46}},"type":"if","locations":[{"start":{"line":41,"column":8},"end":{"line":41,"column":46}}]},"5":{"loc":{"start":{"line":47,"column":15},"end":{"line":47,"column":80}},"type":"cond-expr","locations":[{"start":{"line":47,"column":72},"end":{"line":47,"column":76}},{"start":{"line":47,"column":79},"end":{"line":47,"column":80}}]},"6":{"loc":{"start":{"line":47,"column":15},"end":{"line":47,"column":69}},"type":"binary-expr","locations":[{"start":{"line":47,"column":16},"end":{"line":47,"column":25}},{"start":{"line":47,"column":29},"end":{"line":47,"column":38}},{"start":{"line":47,"column":44},"end":{"line":47,"column":54}},{"start":{"line":47,"column":58},"end":{"line":47,"column":68}}]},"7":{"loc":{"start":{"line":51,"column":15},"end":{"line":51,"column":108}},"type":"cond-expr","locations":[{"start":{"line":51,"column":100},"end":{"line":51,"column":104}},{"start":{"line":51,"column":107},"end":{"line":51,"column":108}}]}},"s":{"0":1,"1":1,"2":1,"3":1,"4":1,"5":1,"6":12,"7":1,"8":6,"9":6,"10":1,"11":3,"12":3,"13":11,"14":5,"15":6,"16":6,"17":1,"18":6,"19":1,"20":6,"21":6,"22":1,"23":6,"24":1,"25":6,"26":6,"27":1,"28":6,"29":16,"30":1,"31":16,"32":16,"33":16,"34":16,"35":1,"36":1},"f":{"0":1,"1":1,"2":12,"3":6,"4":3,"5":11,"6":6,"7":6,"8":6,"9":6,"10":16,"11":16},"b":{"0":[1,1],"1":[5],"2":[5,1],"3":[6,4],"4":[1],"5":[2,4],"6":[6,6,4,1],"7":[5,1]}}
,"/Users/jalildini/Desktop/hitch/src/romanConversion.ts": {"path":"/Users/jalildini/Desktop/hitch/src/romanConversion.ts","statementMap":{"0":{"start":{"line":2,"column":51},"end":{"line":2,"column":104}},"1":{"start":{"line":3,"column":18},"end":{"line":3,"column":19}},"2":{"start":{"line":4,"column":4},"end":{"line":12,"column":null}},"3":{"start":{"line":4,"column":17},"end":{"line":4,"column":18}},"4":{"start":{"line":5,"column":24},"end":{"line":5,"column":45}},"5":{"start":{"line":6,"column":21},"end":{"line":6,"column":51}},"6":{"start":{"line":7,"column":8},"end":{"line":11,"column":null}},"7":{"start":{"line":8,"column":12},"end":{"line":8,"column":31}},"8":{"start":{"line":10,"column":12},"end":{"line":10,"column":31}},"9":{"start":{"line":13,"column":4},"end":{"line":13,"column":19}},"10":{"start":{"line":17,"column":47},"end":{"line":21,"column":6}},"11":{"start":{"line":22,"column":16},"end":{"line":22,"column":18}},"12":{"start":{"line":23,"column":4},"end":{"line":28,"column":7}},"13":{"start":{"line":23,"column":35},"end":{"line":23,"column":37}},"14":{"start":{"line":23,"column":42},"end":{"line":23,"column":43}},"15":{"start":{"line":24,"column":8},"end":{"line":27,"column":null}},"16":{"start":{"line":25,"column":12},"end":{"line":25,"column":25}},"17":{"start":{"line":26,"column":12},"end":{"line":26,"column":28}},"18":{"start":{"line":29,"column":4},"end":{"line":29,"column":17}},"19":{"start":{"line":33,"column":19},"end":{"line":33,"column":47}},"20":{"start":{"line":34,"column":4},"end":{"line":34,"column":41}},"21":{"start":{"line":32,"column":0},"end":{"line":32,"column":16}}},"fnMap":{"0":{"name":"convertRomanToInteger","decl":{"start":{"line":1,"column":9},"end":{"line":1,"column":30}},"loc":{"start":{"line":1,"column":44},"end":{"line":14,"column":1}}},"1":{"name":"convertIntegerToRoman","decl":{"start":{"line":16,"column":9},"end":{"line":16,"column":30}},"loc":{"start":{"line":16,"column":42},"end":{"line":30,"column":1}}},"2":{"name":"(anonymous_2)","decl":{"start":{"line":23,"column":27},"end":{"line":23,"column":28}},"loc":{"start":{"line":23,"column":43},"end":{"line":28,"column":5}}},"3":{"name":"convertToShortestRoman","decl":{"start":{"line":32,"column":16},"end":{"line":32,"column":38}},"loc":{"start":{"line":32,"column":52},"end":{"line":35,"column":1}}}},"branchMap":{"0":{"loc":{"start":{"line":6,"column":21},"end":{"line":6,"column":51}},"type":"binary-expr","locations":[{"start":{"line":6,"column":21},"end":{"line":6,"column":46}},{"start":{"line":6,"column":50},"end":{"line":6,"column":51}}]},"1":{"loc":{"start":{"line":7,"column":8},"end":{"line":11,"column":null}},"type":"if","locations":[{"start":{"line":7,"column":8},"end":{"line":11,"column":null}},{"start":{"line":9,"column":15},"end":{"line":11,"column":null}}]}},"s":{"0":9,"1":9,"2":9,"3":9,"4":45,"5":45,"6":45,"7":3,"8":42,"9":9,"10":9,"11":9,"12":9,"13":117,"14":117,"15":117,"16":22,"17":22,"18":9,"19":9,"20":9,"21":1},"f":{"0":9,"1":9,"2":117,"3":9},"b":{"0":[45,8],"1":[3,42]}}
}
