TN:
SF:src/hitch.ts
FN:7,(anonymous_0)
FN:15,(anonymous_1)
FN:18,Hitch
FN:22,(anonymous_3)
FN:27,(anonymous_4)
FN:28,(anonymous_5)
FN:35,(anonymous_6)
FN:39,(anonymous_7)
FN:45,(anonymous_8)
FN:50,(anonymous_9)
FN:51,(anonymous_10)
FN:54,(anonymous_11)
FNF:12
FNH:12
FNDA:1,(anonymous_0)
FNDA:1,(anonymous_1)
FNDA:12,Hitch
FNDA:6,(anonymous_3)
FNDA:3,(anonymous_4)
FNDA:11,(anonymous_5)
FNDA:6,(anonymous_6)
FNDA:6,(anonymous_7)
FNDA:6,(anonymous_8)
FNDA:6,(anonymous_9)
FNDA:16,(anonymous_10)
FNDA:16,(anonymous_11)
DA:1,1
DA:7,1
DA:15,1
DA:19,12
DA:22,1
DA:23,6
DA:24,6
DA:27,3
DA:28,3
DA:29,11
DA:30,6
DA:31,6
DA:35,1
DA:36,6
DA:39,1
DA:40,6
DA:41,6
DA:42,6
DA:45,1
DA:46,6
DA:47,6
DA:50,1
DA:51,16
DA:54,1
DA:55,16
DA:56,16
DA:57,16
DA:58,16
DA:60,1
LF:29
LH:29
BRDA:7,0,0,1
BRDA:7,0,1,1
BRDA:29,1,0,5
BRDA:31,2,0,5
BRDA:31,2,1,1
BRDA:31,3,0,6
BRDA:31,3,1,4
BRDA:41,4,0,1
BRDA:47,5,0,2
BRDA:47,5,1,4
BRDA:47,6,0,6
BRDA:47,6,1,6
BRDA:47,6,2,4
BRDA:47,6,3,1
BRDA:51,7,0,5
BRDA:51,7,1,1
BRF:16
BRH:16
end_of_record
TN:
SF:src/romanConversion.ts
FN:1,convertRomanToInteger
FN:16,convertIntegerToRoman
FN:23,(anonymous_2)
FN:32,convertToShortestRoman
FNF:4
FNH:4
FNDA:9,convertRomanToInteger
FNDA:9,convertIntegerToRoman
FNDA:117,(anonymous_2)
FNDA:9,convertToShortestRoman
DA:2,9
DA:3,9
DA:4,9
DA:5,45
DA:6,45
DA:7,45
DA:8,3
DA:10,42
DA:13,9
DA:17,9
DA:22,9
DA:23,117
DA:24,117
DA:25,22
DA:26,22
DA:29,9
DA:32,1
DA:33,9
DA:34,9
LF:19
LH:19
BRDA:6,0,0,45
BRDA:6,0,1,8
BRDA:7,1,0,3
BRDA:7,1,1,42
BRF:4
BRH:4
end_of_record
